<?xml version="1.0" encoding="UTF-8"?>
<testsuite xmlns:xsi="http://www.w3.org/2001/XMLSchema-instance" xsi:noNamespaceSchemaLocation="https://maven.apache.org/surefire/maven-surefire-plugin/xsd/surefire-test-report.xsd" name="com.ijkalra.stackmachine.service.StackMachineServiceTest" time="0.192" tests="20" errors="0" skipped="0" failures="0">
  <properties>
[...]
</properties>
  <testcase name="testUndoAfterStackClear" classname="com.ijkalra.stackmachine.service.StackMachineServiceTest" time="0.055"/>
  <testcase name="testUndoOperationAfterPush" classname="com.ijkalra.stackmachine.service.StackMachineServiceTest" time="0.011"/>
  <testcase name="testUndoAfterInversion" classname="com.ijkalra.stackmachine.service.StackMachineServiceTest" time="0.005"/>
  <testcase name="testAdd" classname="com.ijkalra.stackmachine.service.StackMachineServiceTest" time="0.004"/>
  <testcase name="testInversion" classname="com.ijkalra.stackmachine.service.StackMachineServiceTest" time="0.004"/>
  <testcase name="testThrowsException_MultiplyWithLessThan2Elements" classname="com.ijkalra.stackmachine.service.StackMachineServiceTest" time="0.005"/>
  <testcase name="testUndoAfterAdd" classname="com.ijkalra.stackmachine.service.StackMachineServiceTest" time="0.006"/>
  <testcase name="testUndoAfterMulutiply" classname="com.ijkalra.stackmachine.service.StackMachineServiceTest" time="0.002"/>
  <testcase name="testThrowsException_PrintEmptyStack" classname="com.ijkalra.stackmachine.service.StackMachineServiceTest" time="0.001"/>
  <testcase name="testThrowsException_InvertOnEmptyStack" classname="com.ijkalra.stackmachine.service.StackMachineServiceTest" time="0.002"/>
  <testcase name="testMulutiply" classname="com.ijkalra.stackmachine.service.StackMachineServiceTest" time="0.004"/>
  <testcase name="testElementIsPopped" classname="com.ijkalra.stackmachine.service.StackMachineServiceTest" time="0.004"/>
  <testcase name="testElementIsPushed" classname="com.ijkalra.stackmachine.service.StackMachineServiceTest" time="0.005"/>
  <testcase name="testThrowsException_NegateOnEmptyStack" classname="com.ijkalra.stackmachine.service.StackMachineServiceTest" time="0.002"/>
  <testcase name="testUndoAfterNegation" classname="com.ijkalra.stackmachine.service.StackMachineServiceTest" time="0.013"/>
  <testcase name="testThrowsException_PopOnEmptyStack" classname="com.ijkalra.stackmachine.service.StackMachineServiceTest" time="0.002"/>
  <testcase name="testUndoOperationAfterPop" classname="com.ijkalra.stackmachine.service.StackMachineServiceTest" time="0.001"/>
  <testcase name="testStackIsCleared" classname="com.ijkalra.stackmachine.service.StackMachineServiceTest" time="0.003"/>
  <testcase name="testNegation" classname="com.ijkalra.stackmachine.service.StackMachineServiceTest" time="0.005"/>
  <testcase name="testThrowsException_AddWithLessThan2Elements" classname="com.ijkalra.stackmachine.service.StackMachineServiceTest" time="0.009"/>
</testsuite>